"4:40PM-7:10PM"
142
"1:25PM-2:40PM"
72
"3:05PM-4:20PM"
72
"11:45AM-1:00PM"
83
"4:40PM-5:55PM"
71
"6:15PM-7:30PM"
71
"11:45AM-2:15PM"
154
"3:05PM-5:35PM"
143
61
20
66
"10:05AM-11:20AM"
83
"10:05AM-12:30PM"
160
44
10
66
"10:20AM-11:10AM"
55
"4:55PM-5:45PM"
47
"8:30AM-9:45AM"
71
"4:55PM-7:25PM"
142
"6:15PM-8:45PM"
142
"12:00PM-2:30PM"
151
"1:25PM-3:55PM"
143
"6:15PM-8:30PM"
128
"10:30AM-12:45PM"
148
"1:30PM-3:45PM"
128
"8:00AM-10:15AM"
131
"4:00PM-6:15PM"
128
"3:00AM-4:00AM"
0
"4:00AM-5:00AM"
0
"3:05PM-5:00PM"
110
"7:30PM-8:20PM"
48
"6:30PM-7:20PM"
48
"7:30PM-8:45PM"
71
"1:40PM-4:10PM"
142
"3:05PM-5:05PM"
114
"7:30PM-9:30PM"
114
"1:40PM-4:25PM"
156
"4:40PM-7:40PM"
171
"6:15PM-9:45PM"
199
"4:40PM-8:30PM"
218
"6:15PM-9:15PM"
171
"3:05PM-5:25PM"
133
"7:30PM-10:00PM"
0
"10:05AM-12:35PM"
165
"3:05PM-4:35PM"
86
66
15
66
"10:00AM-11:15AM"
82
"10:00AM-10:50AM"
55
"1:30PM-2:20PM"
48
"9:00AM-10:00AM"
57
"9:00AM-9:50AM"
47
"2:30PM-5:00PM"
143
152
0
66
"8:30AM-11:00AM"
152
"8:30AM-9:20AM"
48
"10:05AM-10:55AM"
55
"11:45AM-12:35PM"
55
"1:25PM-2:15PM"
48
"3:05PM-3:55PM"
48
"1:40PM-4:40PM"
171
"3:20PM-4:10PM"
47
"4:40PM-7:00PM"
133
"1:25PM-4:00PM"
148
138
15
66
"8:45AM-11:15AM"
154
"3:05PM-6:00PM"
167
"1:25PM-4:30PM"
176
"1:25PM-4:45PM"
190
138
45
66
"8:45AM-11:45AM"
187
"2:30PM-3:45PM"
71
"4:00PM-4:50PM"
47
"1:25PM-3:00PM"
91
"3:20PM-5:50PM"
142
61
35
66
"10:05AM-11:35AM"
99
"3:20PM-5:30PM"
123
123
30
66
"9:00AM-11:30AM"
156
"2:00PM-4:30PM"
142
"1:40PM-2:30PM"
47
"12:00PM-12:50PM"
55
"1:25PM-5:25PM"
228
"1:40PM-5:10PM"
199
"8:45AM-12:15PM"
220
"4:40PM-5:35PM"
52
"3:05PM-5:30PM"
138
"12:00PM-1:00PM"
66
"4:40PM-6:40PM"
114
"1:30PM-2:30PM"
57
"4:00PM-5:00PM"
57
"11:30AM-12:45PM"
82
33
45
66
"10:30AM-11:45AM"
82
"3:00PM-4:15PM"
71
50
5
66
"10:15AM-11:05AM"
55
"1:30PM-2:45PM"
71
"9:00AM-10:15AM"
73
"3:05PM-6:05PM"
171
"1:25PM-3:25PM"
114
"1:25PM-4:25PM"
171
"1:25PM-2:55PM"
86
"11:45AM-2:45PM"
182
"4:40PM-6:10PM"
85
"1:25PM-3:40PM"
129
"11:40AM-1:00PM"
88
"12:00PM-1:15PM"
80
"9:00AM-12:00PM"
189
"1:00PM-2:00PM"
57
"4:40PM-5:10PM"
28
"8:45AM-9:35AM"
48
152
30
66
"8:30AM-11:30AM"
185
"4:40PM-5:30PM"
47
"1:25PM-5:55PM"
257
44
35
66
"10:20AM-11:35AM"
82
"1:40PM-2:55PM"
71
"3:20PM-4:35PM"
71
"9:00AM-9:45AM"
42
"11:25AM-12:15PM"
55
"4:00PM-5:15PM"
71
"6:00PM-8:30PM"
142
66
30
66
"10:00AM-11:30AM"
99
"10:00AM-12:00PM"
132
"8:30AM-10:15AM"
102
"6:30PM-8:45PM"
128
"4:40PM-7:30PM"
161
"8:30AM-9:30AM"
57
"11:45AM-12:45PM"
66
"3:15PM-4:45PM"
85
"1:30PM-3:00PM"
86
"6:30PM-7:45PM"
71
"10:05AM-12:55PM"
187
61
25
66
"10:05AM-11:25AM"
88
"7:30PM-9:15PM"
100
"4:40PM-6:15PM"
90
"11:45AM-1:15PM"
97
"4:30PM-5:51PM"
77
"6:15PM-7:10PM"
52
"6:15PM-7:05PM"
47
"7:30PM-9:45PM"
128
"3:05PM-5:45PM"
152
"3:05PM-5:15PM"
124
"11:45AM-1:10PM"
92
"12:00PM-1:30PM"
94
"10:05AM-3:00PM"
307
"7:30PM-9:35PM"
119
"1:25PM-3:45PM"
133
"6:15PM-6:40PM"
24
152
20
66
"8:30AM-11:20AM"
174
"11:45AM-2:35PM"
173
"3:05PM-5:55PM"
162
"10:05AM-12:50PM"
182
"4:40PM-7:25PM"
156
"1:25PM-4:10PM"
157
"6:15PM-9:00PM"
157
"3:05PM-5:50PM"
157
"2:00AM-3:00AM"
0
"1:25PM-5:00PM"
205
"12:00PM-12:55PM"
60
"3:20PM-5:55PM"
147
"1:25PM-5:30PM"
233
"6:15PM-8:15PM"
114
"1:25PM-2:45PM"
76
"8:25AM-9:46AM"
77
"11:45AM-1:25PM"
106
"1:25PM-4:15PM"
162
61
50
66
"10:05AM-11:50AM"
116
"10:05AM-12:45PM"
176
"3:05PM-5:20PM"
129
123
15
66
"9:00AM-11:15AM"
139
"12:15PM-2:30PM"
135
"6:00AM-7:00AM"
0
"5:00AM-6:00AM"
0
"1:00AM-2:00AM"
0
"5:30PM-7:00PM"
86
"6:00PM-7:30PM"
85
"6:15PM-7:45PM"
85
"8:30AM-9:35AM"
62
"11:45AM-12:50PM"
72
"1:25PM-2:30PM"
62
"3:05PM-4:10PM"
62
"8:45AM-9:45AM"
57
44
20
66
"10:20AM-11:20AM"
66
"1:40PM-2:40PM"
57
"3:20PM-4:20PM"
57
"1:25PM-2:25PM"
57
61
5
66
"10:05AM-11:05AM"
66
"4:40PM-7:05PM"
137
"6:30PM-9:00PM"
143
"2:50PM-5:20PM"
143
"10:30AM-12:00PM"
99
"6:20PM-8:20PM"
114
"6:30PM-8:00PM"
86
"7:00PM-8:30PM"
85
"2:00PM-3:30PM"
85
"6:00PM-7:20PM"
76
"7:30PM-9:00PM"
86
"8:00PM-9:30PM"
85
"8:45AM-10:00AM"
72
"1:00PM-5:00PM"
228
"12:00AM-11:59PM"
0
"3:05PM-4:05PM"
57
"4:55PM-5:55PM"
57
"3:05PM-4:00PM"
53
"10:40AM-12:01PM"
89
"8:00AM-9:21AM"
77
"10:40AM-12:05PM"
93
"3:00PM-4:21PM"
76
"1:30PM-2:51PM"
77
"9:30AM-10:30AM"
62
"8:20AM-9:20AM"
58
"10:45AM-12:00PM"
83
"8:05AM-9:05AM"
58
66
50
66
"10:00AM-11:50AM"
121
"1:30PM-3:20PM"
105
"12:35PM-3:35PM"
175
"10:40AM-12:00PM"
88
"6:00PM-8:45PM"
156
"4:30PM-6:20PM"
105
"9:30AM-10:25AM"
56
"8:40AM-10:30AM"
110
"8:30AM-10:20AM"
108
"9:15AM-10:30AM"
76
"5:00PM-7:45PM"
156
0
55
66
"11:00AM-11:55AM"
60
"3:00PM-4:50PM"
104
"4:40PM-7:15PM"
147
"11:00AM-12:30PM"
99
"3:00PM-3:55PM"
52
"1:30PM-2:37PM"
64
"8:55AM-9:50AM"
52
"4:30PM-5:50PM"
76
"2:30PM-4:20PM"
105
"6:35PM-8:35PM"
114
"6:30PM-10:00PM"
0
"5:30PM-7:30PM"
114
"4:15PM-6:15PM"
114
66
0
66
"10:00AM-11:00AM"
66
"3:00PM-5:45PM"
156
"4:30PM-7:15PM"
157
"3:30PM-5:20PM"
105
"5:00PM-6:50PM"
104
"4:30PM-7:30PM"
171
"8:00AM-9:50AM"
105
"10:45AM-12:06PM"
89
"4:35PM-6:25PM"
104
"7:00PM-9:00PM"
114
"6:00PM-8:00PM"
114
"7:00PM-9:20PM"
133
"3:00PM-5:15PM"
128
"1:30PM-4:15PM"
157
"8:45AM-12:00PM"
204
"6:15PM-8:00PM"
100
"10:30AM-12:15PM"
115
"12:45PM-2:30PM"
102
"3:20PM-5:05PM"
99
"5:05PM-6:50PM"
100
"3:05PM-5:40PM"
148
"8:00AM-5:00PM"
541
"8:30AM-5:00PM"
512
"8:00AM-6:00PM"
598
"10:05AM-2:05PM"
254
"1:25PM-6:25PM"
285
"2:45PM-5:00PM"
129
"1:40PM-3:55PM"
128
"4:40PM-6:45PM"
118
"6:15PM-8:05PM"
104
152
55
66
"8:30AM-11:55AM"
212
"10:20AM-2:00PM"
233
"3:20PM-5:00PM"
95
"8:45AM-4:45PM"
483
"1:25PM-4:55PM"
200
"10:05AM-1:00PM"
193
"3:20PM-4:25PM"
61
123
0
66
"9:00AM-11:00AM"
123
"8:00AM-2:30PM"
398
"1:00PM-4:00PM"
171
"8:00AM-1:00PM"
313
"7:30AM-8:30AM"
0
"4:00PM-5:30PM"
85
"2:00PM-4:00PM"
114
"8:30AM-12:00PM"
218
"12:30PM-3:30PM"
175
181
0
66
"8:00AM-11:00AM"
181
"3:45PM-5:15PM"
86
"4:30PM-6:00PM"
86
"4:15PM-5:45PM"
85
"3:00PM-5:00PM"
114
"1:00PM-2:30PM"
85
"6:30PM-8:30PM"
114
"5:30PM-8:00PM"
143
"4:40PM-5:40PM"
57
"3:20PM-3:55PM"
33
"10:20AM-12:55PM"
170
"3:40PM-5:40PM"
114
"10:05AM-12:05PM"
132
"3:05PM-6:15PM"
181
"3:05PM-6:35PM"
200
"10:20AM-1:00PM"
176
"1:25PM-3:30PM"
119
44
30
66
"10:20AM-11:30AM"
77
"12:00PM-1:10PM"
75
"1:30PM-3:30PM"
114
"4:00PM-6:30PM"
142
"8:30AM-10:00AM"
86
"3:20PM-4:30PM"
66
"4:30PM-7:00PM"
143
