Aug 08, 2012 12:23:34 PM org.apache.solr.core.SolrResourceLoader locateSolrHome
INFO: JNDI not configured for solr (NoInitialContextEx)
Aug 08, 2012 12:23:34 PM org.apache.solr.core.SolrResourceLoader locateSolrHome
INFO: using system property solr.solr.home: /home/ts3m/Development/omniDuke/solr
Aug 08, 2012 12:23:34 PM org.apache.solr.core.SolrResourceLoader <init>
INFO: Solr home set to '/home/ts3m/Development/omniDuke/solr/'
Aug 08, 2012 12:23:34 PM org.apache.solr.servlet.SolrDispatchFilter init
INFO: SolrDispatchFilter.init()
Aug 08, 2012 12:23:34 PM org.apache.solr.core.SolrResourceLoader locateSolrHome
INFO: JNDI not configured for solr (NoInitialContextEx)
Aug 08, 2012 12:23:34 PM org.apache.solr.core.SolrResourceLoader locateSolrHome
INFO: using system property solr.solr.home: /home/ts3m/Development/omniDuke/solr
Aug 08, 2012 12:23:34 PM org.apache.solr.core.CoreContainer$Initializer initialize
INFO: looking for solr.xml: /home/ts3m/Development/omniDuke/solr/solr.xml
Aug 08, 2012 12:23:34 PM org.apache.solr.core.SolrResourceLoader <init>
INFO: Solr home set to '/home/ts3m/Development/omniDuke/solr/'
Aug 08, 2012 12:23:35 PM org.apache.solr.core.SolrConfig initLibs
INFO: Adding specified lib dirs to ClassLoader
Aug 08, 2012 12:23:35 PM org.apache.solr.core.SolrConfig <init>
INFO: Loaded SolrConfig: solrconfig.xml
Aug 08, 2012 12:23:35 PM org.apache.solr.core.SolrCore <init>
INFO: Opening new SolrCore at /home/ts3m/Development/omniDuke/solr/, dataDir=/home/ts3m/Development/omniDuke/solr/data/development/
Aug 08, 2012 12:23:35 PM org.apache.solr.schema.IndexSchema readSchema
INFO: Reading Solr Schema
Aug 08, 2012 12:23:35 PM org.apache.solr.schema.IndexSchema readSchema
INFO: Schema name=sunspot
Aug 08, 2012 12:23:35 PM org.apache.solr.util.plugin.AbstractPluginLoader load
INFO: created string: org.apache.solr.schema.StrField
Aug 08, 2012 12:23:35 PM org.apache.solr.util.plugin.AbstractPluginLoader load
INFO: created tdouble: org.apache.solr.schema.TrieDoubleField
Aug 08, 2012 12:23:35 PM org.apache.solr.util.plugin.AbstractPluginLoader load
INFO: created rand: org.apache.solr.schema.RandomSortField
Aug 08, 2012 12:23:35 PM org.apache.solr.util.plugin.AbstractPluginLoader load
INFO: created null: org.apache.solr.analysis.StandardTokenizerFactory
Aug 08, 2012 12:23:35 PM org.apache.solr.util.plugin.AbstractPluginLoader load
INFO: created null: org.apache.solr.analysis.StandardFilterFactory
Aug 08, 2012 12:23:35 PM org.apache.solr.util.plugin.AbstractPluginLoader load
INFO: created null: org.apache.solr.analysis.LowerCaseFilterFactory
Aug 08, 2012 12:23:35 PM org.apache.solr.util.plugin.AbstractPluginLoader load
INFO: created text: org.apache.solr.schema.TextField
Aug 08, 2012 12:23:35 PM org.apache.solr.util.plugin.AbstractPluginLoader load
INFO: created boolean: org.apache.solr.schema.BoolField
Aug 08, 2012 12:23:35 PM org.apache.solr.util.plugin.AbstractPluginLoader load
INFO: created date: org.apache.solr.schema.DateField
Aug 08, 2012 12:23:35 PM org.apache.solr.util.plugin.AbstractPluginLoader load
INFO: created sdouble: org.apache.solr.schema.SortableDoubleField
Aug 08, 2012 12:23:35 PM org.apache.solr.util.plugin.AbstractPluginLoader load
INFO: created sfloat: org.apache.solr.schema.SortableFloatField
Aug 08, 2012 12:23:35 PM org.apache.solr.util.plugin.AbstractPluginLoader load
INFO: created sint: org.apache.solr.schema.SortableIntField
Aug 08, 2012 12:23:36 PM org.apache.solr.util.plugin.AbstractPluginLoader load
INFO: created slong: org.apache.solr.schema.SortableLongField
Aug 08, 2012 12:23:36 PM org.apache.solr.util.plugin.AbstractPluginLoader load
INFO: created tint: org.apache.solr.schema.TrieIntField
Aug 08, 2012 12:23:36 PM org.apache.solr.util.plugin.AbstractPluginLoader load
INFO: created tfloat: org.apache.solr.schema.TrieFloatField
Aug 08, 2012 12:23:36 PM org.apache.solr.util.plugin.AbstractPluginLoader load
INFO: created tdate: org.apache.solr.schema.TrieDateField
Aug 08, 2012 12:23:36 PM org.apache.solr.schema.IndexSchema readSchema
INFO: default search field is text
Aug 08, 2012 12:23:36 PM org.apache.solr.schema.IndexSchema readSchema
INFO: query parser default operator is AND
Aug 08, 2012 12:23:36 PM org.apache.solr.schema.IndexSchema readSchema
INFO: unique key field: id
Aug 08, 2012 12:23:36 PM org.apache.solr.core.JmxMonitoredMap <init>
INFO: No JMX servers found, not exposing Solr information with JMX.
Aug 08, 2012 12:23:36 PM org.apache.solr.core.SolrCore initListeners
INFO: Added SolrEventListener: org.apache.solr.core.QuerySenderListener{queries=[]}
Aug 08, 2012 12:23:36 PM org.apache.solr.core.SolrCore initListeners
INFO: Added SolrEventListener: org.apache.solr.core.QuerySenderListener{queries=[{q=solr rocks,start=0,rows=10}, {q=static firstSearcher warming query from solrconfig.xml}]}
Aug 08, 2012 12:23:36 PM org.apache.solr.request.XSLTResponseWriter init
INFO: xsltCacheLifetimeSeconds=5
Aug 08, 2012 12:23:36 PM org.apache.solr.core.RequestHandlers initHandlersFromConfig
INFO: created standard: solr.SearchHandler
Aug 08, 2012 12:23:36 PM org.apache.solr.core.RequestHandlers initHandlersFromConfig
INFO: created dismax: solr.SearchHandler
Aug 08, 2012 12:23:36 PM org.apache.solr.core.RequestHandlers initHandlersFromConfig
INFO: created partitioned: solr.SearchHandler
Aug 08, 2012 12:23:36 PM org.apache.solr.core.RequestHandlers initHandlersFromConfig
INFO: created /spell: solr.SearchHandler
Aug 08, 2012 12:23:36 PM org.apache.solr.core.RequestHandlers initHandlersFromConfig
INFO: created tvrh: org.apache.solr.handler.component.SearchHandler
Aug 08, 2012 12:23:36 PM org.apache.solr.core.RequestHandlers initHandlersFromConfig
INFO: adding lazy requestHandler: org.apache.solr.handler.extraction.ExtractingRequestHandler
Aug 08, 2012 12:23:36 PM org.apache.solr.core.RequestHandlers initHandlersFromConfig
INFO: created /update/extract: org.apache.solr.handler.extraction.ExtractingRequestHandler
Aug 08, 2012 12:23:36 PM org.apache.solr.core.RequestHandlers initHandlersFromConfig
INFO: created /terms: org.apache.solr.handler.component.SearchHandler
Aug 08, 2012 12:23:36 PM org.apache.solr.core.RequestHandlers initHandlersFromConfig
INFO: adding lazy requestHandler: solr.SearchHandler
Aug 08, 2012 12:23:36 PM org.apache.solr.core.RequestHandlers initHandlersFromConfig
INFO: created /elevate: solr.SearchHandler
Aug 08, 2012 12:23:36 PM org.apache.solr.core.RequestHandlers initHandlersFromConfig
INFO: created /update: solr.XmlUpdateRequestHandler
Aug 08, 2012 12:23:36 PM org.apache.solr.core.RequestHandlers initHandlersFromConfig
INFO: created /update/javabin: solr.BinaryUpdateRequestHandler
Aug 08, 2012 12:23:36 PM org.apache.solr.core.RequestHandlers initHandlersFromConfig
INFO: created /analysis/document: solr.DocumentAnalysisRequestHandler
Aug 08, 2012 12:23:36 PM org.apache.solr.core.RequestHandlers initHandlersFromConfig
INFO: created /analysis/field: solr.FieldAnalysisRequestHandler
Aug 08, 2012 12:23:36 PM org.apache.solr.core.RequestHandlers initHandlersFromConfig
INFO: adding lazy requestHandler: solr.CSVRequestHandler
Aug 08, 2012 12:23:36 PM org.apache.solr.core.RequestHandlers initHandlersFromConfig
INFO: created /update/csv: solr.CSVRequestHandler
Aug 08, 2012 12:23:36 PM org.apache.solr.core.RequestHandlers initHandlersFromConfig
INFO: created /admin/: org.apache.solr.handler.admin.AdminHandlers
Aug 08, 2012 12:23:36 PM org.apache.solr.core.RequestHandlers initHandlersFromConfig
INFO: created /admin/ping: PingRequestHandler
Aug 08, 2012 12:23:36 PM org.apache.solr.core.RequestHandlers initHandlersFromConfig
INFO: created /debug/dump: solr.DumpRequestHandler
Aug 08, 2012 12:23:36 PM org.apache.solr.core.RequestHandlers initHandlersFromConfig
INFO: created /mlt: solr.MoreLikeThisHandler
Aug 08, 2012 12:23:36 PM org.apache.solr.search.SolrIndexSearcher <init>
INFO: Opening Searcher@17c2f074 main
Aug 08, 2012 12:23:36 PM org.apache.solr.update.DirectUpdateHandler2$CommitTracker <init>
INFO: AutoCommit: disabled
Aug 08, 2012 12:23:36 PM org.apache.solr.handler.component.SpellCheckComponent inform
INFO: Initializing spell checkers
Aug 08, 2012 12:23:36 PM org.apache.solr.spelling.AbstractLuceneSpellChecker init
INFO: Using WhitespaceAnalzyer for dictionary: default
Aug 08, 2012 12:23:36 PM org.apache.solr.handler.component.SpellCheckComponent inform
WARNING: No queryConverter defined, using default converter
Aug 08, 2012 12:23:36 PM org.apache.solr.handler.component.QueryElevationComponent inform
INFO: Loading QueryElevation from: /home/ts3m/Development/omniDuke/solr/conf/elevate.xml
Aug 08, 2012 12:23:36 PM org.apache.solr.handler.component.SearchHandler inform
INFO: Adding  component:org.apache.solr.handler.component.QueryComponent@720d4bc7
Aug 08, 2012 12:23:36 PM org.apache.solr.handler.component.SearchHandler inform
INFO: Adding  component:org.apache.solr.handler.component.FacetComponent@46ea3050
Aug 08, 2012 12:23:36 PM org.apache.solr.handler.component.SearchHandler inform
INFO: Adding  component:org.apache.solr.handler.component.MoreLikeThisComponent@3909f88f
Aug 08, 2012 12:23:36 PM org.apache.solr.handler.component.SearchHandler inform
INFO: Adding  component:org.apache.solr.handler.component.HighlightComponent@3d9d918a
Aug 08, 2012 12:23:36 PM org.apache.solr.handler.component.SearchHandler inform
INFO: Adding  component:org.apache.solr.handler.component.StatsComponent@33be1aa0
Aug 08, 2012 12:23:36 PM org.apache.solr.handler.component.SearchHandler inform
INFO: Adding  debug component:org.apache.solr.handler.component.DebugComponent@5c618ea
Aug 08, 2012 12:23:36 PM org.apache.solr.handler.component.SearchHandler inform
INFO: Adding  component:org.apache.solr.handler.component.QueryComponent@720d4bc7
Aug 08, 2012 12:23:36 PM org.apache.solr.handler.component.SearchHandler inform
INFO: Adding  component:org.apache.solr.handler.component.FacetComponent@46ea3050
Aug 08, 2012 12:23:36 PM org.apache.solr.handler.component.SearchHandler inform
INFO: Adding  component:org.apache.solr.handler.component.MoreLikeThisComponent@3909f88f
Aug 08, 2012 12:23:36 PM org.apache.solr.handler.component.SearchHandler inform
INFO: Adding  component:org.apache.solr.handler.component.HighlightComponent@3d9d918a
Aug 08, 2012 12:23:36 PM org.apache.solr.handler.component.SearchHandler inform
INFO: Adding  component:org.apache.solr.handler.component.StatsComponent@33be1aa0
Aug 08, 2012 12:23:36 PM org.apache.solr.handler.component.SearchHandler inform
INFO: Adding  debug component:org.apache.solr.handler.component.DebugComponent@5c618ea
Aug 08, 2012 12:23:36 PM org.apache.solr.handler.component.SearchHandler inform
INFO: Adding  component:org.apache.solr.handler.component.QueryComponent@720d4bc7
Aug 08, 2012 12:23:36 PM org.apache.solr.handler.component.SearchHandler inform
INFO: Adding  component:org.apache.solr.handler.component.FacetComponent@46ea3050
Aug 08, 2012 12:23:36 PM org.apache.solr.handler.component.SearchHandler inform
INFO: Adding  component:org.apache.solr.handler.component.MoreLikeThisComponent@3909f88f
Aug 08, 2012 12:23:36 PM org.apache.solr.handler.component.SearchHandler inform
INFO: Adding  component:org.apache.solr.handler.component.HighlightComponent@3d9d918a
Aug 08, 2012 12:23:36 PM org.apache.solr.handler.component.SearchHandler inform
INFO: Adding  component:org.apache.solr.handler.component.StatsComponent@33be1aa0
Aug 08, 2012 12:23:36 PM org.apache.solr.handler.component.SearchHandler inform
INFO: Adding  debug component:org.apache.solr.handler.component.DebugComponent@5c618ea
Aug 08, 2012 12:23:36 PM org.apache.solr.handler.component.SearchHandler inform
INFO: Adding  component:org.apache.solr.handler.component.QueryComponent@720d4bc7
Aug 08, 2012 12:23:36 PM org.apache.solr.handler.component.SearchHandler inform
INFO: Adding  component:org.apache.solr.handler.component.FacetComponent@46ea3050
Aug 08, 2012 12:23:36 PM org.apache.solr.handler.component.SearchHandler inform
INFO: Adding  component:org.apache.solr.handler.component.MoreLikeThisComponent@3909f88f
Aug 08, 2012 12:23:36 PM org.apache.solr.handler.component.SearchHandler inform
INFO: Adding  component:org.apache.solr.handler.component.HighlightComponent@3d9d918a
Aug 08, 2012 12:23:36 PM org.apache.solr.handler.component.SearchHandler inform
INFO: Adding  component:org.apache.solr.handler.component.StatsComponent@33be1aa0
Aug 08, 2012 12:23:36 PM org.apache.solr.handler.component.SearchHandler inform
INFO: Adding  component:org.apache.solr.handler.component.SpellCheckComponent@108dad9c
Aug 08, 2012 12:23:36 PM org.apache.solr.handler.component.SearchHandler inform
INFO: Adding  debug component:org.apache.solr.handler.component.DebugComponent@5c618ea
Aug 08, 2012 12:23:36 PM org.apache.solr.handler.component.SearchHandler inform
INFO: Adding  component:org.apache.solr.handler.component.QueryComponent@720d4bc7
Aug 08, 2012 12:23:36 PM org.apache.solr.handler.component.SearchHandler inform
INFO: Adding  component:org.apache.solr.handler.component.FacetComponent@46ea3050
Aug 08, 2012 12:23:36 PM org.apache.solr.handler.component.SearchHandler inform
INFO: Adding  component:org.apache.solr.handler.component.MoreLikeThisComponent@3909f88f
Aug 08, 2012 12:23:36 PM org.apache.solr.handler.component.SearchHandler inform
INFO: Adding  component:org.apache.solr.handler.component.HighlightComponent@3d9d918a
Aug 08, 2012 12:23:36 PM org.apache.solr.handler.component.SearchHandler inform
INFO: Adding  component:org.apache.solr.handler.component.StatsComponent@33be1aa0
Aug 08, 2012 12:23:36 PM org.apache.solr.handler.component.SearchHandler inform
INFO: Adding  component:org.apache.solr.handler.component.TermVectorComponent@4580e541
Aug 08, 2012 12:23:36 PM org.apache.solr.handler.component.SearchHandler inform
INFO: Adding  debug component:org.apache.solr.handler.component.DebugComponent@5c618ea
Aug 08, 2012 12:23:36 PM org.apache.solr.handler.component.SearchHandler inform
INFO: Adding  component:org.apache.solr.handler.component.TermsComponent@114b320d
Aug 08, 2012 12:23:36 PM org.apache.solr.core.QuerySenderListener newSearcher
INFO: QuerySenderListener sending requests to Searcher@17c2f074 main
Aug 08, 2012 12:23:36 PM org.apache.solr.core.CoreContainer register
INFO: registering core: 
Aug 08, 2012 12:23:36 PM org.apache.solr.servlet.SolrDispatchFilter init
INFO: user.dir=/home/ts3m/.rvm/gems/ruby-1.9.3-p194/gems/sunspot_solr-1.3.3/solr
Aug 08, 2012 12:23:36 PM org.apache.solr.servlet.SolrDispatchFilter init
INFO: SolrDispatchFilter.init() done
Aug 08, 2012 12:23:36 PM org.apache.solr.core.SolrCore execute
INFO: [] webapp=null path=null params={start=0&event=firstSearcher&q=solr+rocks&rows=10} hits=0 status=0 QTime=44 
Aug 08, 2012 12:23:36 PM org.apache.solr.core.SolrCore execute
INFO: [] webapp=null path=null params={event=firstSearcher&q=static+firstSearcher+warming+query+from+solrconfig.xml} hits=0 status=0 QTime=2 
Aug 08, 2012 12:23:36 PM org.apache.solr.core.QuerySenderListener newSearcher
INFO: QuerySenderListener done.
Aug 08, 2012 12:23:36 PM org.apache.solr.handler.component.SpellCheckComponent$SpellCheckerListener newSearcher
INFO: Loading spell index for spellchecker: default
Aug 08, 2012 12:23:36 PM org.apache.solr.core.SolrCore registerSearcher
INFO: [] Registered new searcher Searcher@17c2f074 main
Aug 08, 2012 12:23:36 PM org.apache.solr.servlet.SolrServlet init
INFO: SolrServlet.init()
Aug 08, 2012 12:23:36 PM org.apache.solr.core.SolrResourceLoader locateSolrHome
INFO: JNDI not configured for solr (NoInitialContextEx)
Aug 08, 2012 12:23:36 PM org.apache.solr.core.SolrResourceLoader locateSolrHome
INFO: using system property solr.solr.home: /home/ts3m/Development/omniDuke/solr
Aug 08, 2012 12:23:36 PM org.apache.solr.servlet.SolrServlet init
INFO: SolrServlet.init() done
Aug 08, 2012 12:23:36 PM org.apache.solr.core.SolrResourceLoader locateSolrHome
INFO: JNDI not configured for solr (NoInitialContextEx)
Aug 08, 2012 12:23:36 PM org.apache.solr.core.SolrResourceLoader locateSolrHome
INFO: using system property solr.solr.home: /home/ts3m/Development/omniDuke/solr
Aug 08, 2012 12:23:36 PM org.apache.solr.servlet.SolrUpdateServlet init
INFO: SolrUpdateServlet.init() done
Aug 08, 2012 12:23:53 PM org.apache.solr.core.SolrDeletionPolicy onInit
INFO: SolrDeletionPolicy.onInit: commits:num=1
	commit{dir=/home/ts3m/Development/omniDuke/solr/data/development/index,segFN=segments_6,version=1344382540756,generation=6,filenames=[_0.tis, _3.tii, _3.frq, _1.frq, _3.fdt, _3.fnm, _2.tii, _1.fnm, _1.tii, _0.prx, _3.nrm, _2_2.del, _0.nrm, _0.fnm, _1.tis, _2.prx, _2.fdt, _2.frq, _3.prx, _2.fdx, _2.fnm, _3.fdx, _1.prx, _1.fdx, _2.tis, _1_2.del, _0.tii, _1.fdt, _0.frq, _0.fdx, _0_2.del, segments_6, _0.fdt, _1.nrm, _2.nrm, _3.tis]
Aug 08, 2012 12:23:53 PM org.apache.solr.core.SolrDeletionPolicy updateCommits
INFO: newest commit = 1344382540756
Aug 08, 2012 12:23:53 PM org.apache.solr.update.processor.LogUpdateProcessor finish
INFO: {deleteByQuery=type:Course} 0 90
Aug 08, 2012 12:23:53 PM org.apache.solr.core.SolrCore execute
INFO: [] webapp=/solr path=/update params={wt=ruby} status=0 QTime=90 
Aug 08, 2012 12:23:53 PM org.apache.solr.update.processor.LogUpdateProcessor finish
INFO: {add=[Course 1, Course 2, Course 3]} 0 38
Aug 08, 2012 12:23:53 PM org.apache.solr.core.SolrCore execute
INFO: [] webapp=/solr path=/update params={wt=ruby} status=0 QTime=38 
Aug 08, 2012 12:23:53 PM org.apache.solr.update.DirectUpdateHandler2 commit
INFO: start commit(optimize=false,waitFlush=false,waitSearcher=true,expungeDeletes=false)
Aug 08, 2012 12:23:53 PM org.apache.solr.core.SolrDeletionPolicy onCommit
INFO: SolrDeletionPolicy.onCommit: commits:num=2
	commit{dir=/home/ts3m/Development/omniDuke/solr/data/development/index,segFN=segments_6,version=1344382540756,generation=6,filenames=[_0.tis, _3.tii, _3.frq, _1.frq, _3.fdt, _3.fnm, _2.tii, _1.fnm, _1.tii, _0.prx, _3.nrm, _2_2.del, _0.nrm, _0.fnm, _1.tis, _2.prx, _2.fdt, _2.frq, _3.prx, _2.fdx, _2.fnm, _3.fdx, _1.prx, _1.fdx, _2.tis, _1_2.del, _0.tii, _1.fdt, _0.frq, _0.fdx, _0_2.del, segments_6, _0.fdt, _1.nrm, _2.nrm, _3.tis]
	commit{dir=/home/ts3m/Development/omniDuke/solr/data/development/index,segFN=segments_7,version=1344382540757,generation=7,filenames=[_0.tis, _3.tii, _3.frq, _1.frq, _4.prx, _4.fnm, _3.fdt, _3.fnm, _2.tii, _1.fnm, _3_1.del, _4.fdx, _4.frq, _1.tii, _4.tis, _0.prx, _3.nrm, _2_2.del, _4.tii, _0.nrm, _0.fnm, _1.tis, _2.prx, _4.nrm, _2.fdt, _2.frq, _4.fdt, _3.prx, _2.fdx, _2.fnm, _3.fdx, _1.prx, _1.fdx, segments_7, _2.tis, _1_2.del, _0.tii, _1.fdt, _0.frq, _0.fdx, _0_2.del, _0.fdt, _1.nrm, _2.nrm, _3.tis]
Aug 08, 2012 12:23:53 PM org.apache.solr.core.SolrDeletionPolicy updateCommits
INFO: newest commit = 1344382540757
Aug 08, 2012 12:23:53 PM org.apache.solr.search.SolrIndexSearcher <init>
INFO: Opening Searcher@75589a02 main
Aug 08, 2012 12:23:53 PM org.apache.solr.update.DirectUpdateHandler2 commit
INFO: end_commit_flush
Aug 08, 2012 12:23:53 PM org.apache.solr.search.SolrIndexSearcher warm
INFO: autowarming Searcher@75589a02 main from Searcher@17c2f074 main
	fieldValueCache{lookups=0,hits=0,hitratio=0.00,inserts=0,evictions=0,size=0,warmupTime=0,cumulative_lookups=0,cumulative_hits=0,cumulative_hitratio=0.00,cumulative_inserts=0,cumulative_evictions=0}
Aug 08, 2012 12:23:53 PM org.apache.solr.search.SolrIndexSearcher warm
INFO: autowarming result for Searcher@75589a02 main
	fieldValueCache{lookups=0,hits=0,hitratio=0.00,inserts=0,evictions=0,size=0,warmupTime=0,cumulative_lookups=0,cumulative_hits=0,cumulative_hitratio=0.00,cumulative_inserts=0,cumulative_evictions=0}
Aug 08, 2012 12:23:53 PM org.apache.solr.search.SolrIndexSearcher warm
INFO: autowarming Searcher@75589a02 main from Searcher@17c2f074 main
	filterCache{lookups=0,hits=0,hitratio=0.00,inserts=0,evictions=0,size=0,warmupTime=0,cumulative_lookups=0,cumulative_hits=0,cumulative_hitratio=0.00,cumulative_inserts=0,cumulative_evictions=0}
Aug 08, 2012 12:23:53 PM org.apache.solr.search.SolrIndexSearcher warm
INFO: autowarming result for Searcher@75589a02 main
	filterCache{lookups=0,hits=0,hitratio=0.00,inserts=0,evictions=0,size=0,warmupTime=0,cumulative_lookups=0,cumulative_hits=0,cumulative_hitratio=0.00,cumulative_inserts=0,cumulative_evictions=0}
Aug 08, 2012 12:23:53 PM org.apache.solr.search.SolrIndexSearcher warm
INFO: autowarming Searcher@75589a02 main from Searcher@17c2f074 main
	queryResultCache{lookups=0,hits=0,hitratio=0.00,inserts=2,evictions=0,size=2,warmupTime=0,cumulative_lookups=0,cumulative_hits=0,cumulative_hitratio=0.00,cumulative_inserts=0,cumulative_evictions=0}
Aug 08, 2012 12:23:53 PM org.apache.solr.search.SolrIndexSearcher warm
INFO: autowarming result for Searcher@75589a02 main
	queryResultCache{lookups=0,hits=0,hitratio=0.00,inserts=0,evictions=0,size=0,warmupTime=0,cumulative_lookups=0,cumulative_hits=0,cumulative_hitratio=0.00,cumulative_inserts=0,cumulative_evictions=0}
Aug 08, 2012 12:23:53 PM org.apache.solr.search.SolrIndexSearcher warm
INFO: autowarming Searcher@75589a02 main from Searcher@17c2f074 main
	documentCache{lookups=0,hits=0,hitratio=0.00,inserts=0,evictions=0,size=0,warmupTime=0,cumulative_lookups=0,cumulative_hits=0,cumulative_hitratio=0.00,cumulative_inserts=0,cumulative_evictions=0}
Aug 08, 2012 12:23:53 PM org.apache.solr.search.SolrIndexSearcher warm
INFO: autowarming result for Searcher@75589a02 main
	documentCache{lookups=0,hits=0,hitratio=0.00,inserts=0,evictions=0,size=0,warmupTime=0,cumulative_lookups=0,cumulative_hits=0,cumulative_hitratio=0.00,cumulative_inserts=0,cumulative_evictions=0}
Aug 08, 2012 12:23:53 PM org.apache.solr.core.QuerySenderListener newSearcher
INFO: QuerySenderListener sending requests to Searcher@75589a02 main
Aug 08, 2012 12:23:53 PM org.apache.solr.core.QuerySenderListener newSearcher
INFO: QuerySenderListener done.
Aug 08, 2012 12:23:53 PM org.apache.solr.core.SolrCore registerSearcher
INFO: [] Registered new searcher Searcher@75589a02 main
Aug 08, 2012 12:23:53 PM org.apache.solr.search.SolrIndexSearcher close
INFO: Closing Searcher@17c2f074 main
	fieldValueCache{lookups=0,hits=0,hitratio=0.00,inserts=0,evictions=0,size=0,warmupTime=0,cumulative_lookups=0,cumulative_hits=0,cumulative_hitratio=0.00,cumulative_inserts=0,cumulative_evictions=0}
	filterCache{lookups=0,hits=0,hitratio=0.00,inserts=0,evictions=0,size=0,warmupTime=0,cumulative_lookups=0,cumulative_hits=0,cumulative_hitratio=0.00,cumulative_inserts=0,cumulative_evictions=0}
	queryResultCache{lookups=0,hits=0,hitratio=0.00,inserts=2,evictions=0,size=2,warmupTime=0,cumulative_lookups=0,cumulative_hits=0,cumulative_hitratio=0.00,cumulative_inserts=0,cumulative_evictions=0}
	documentCache{lookups=0,hits=0,hitratio=0.00,inserts=0,evictions=0,size=0,warmupTime=0,cumulative_lookups=0,cumulative_hits=0,cumulative_hitratio=0.00,cumulative_inserts=0,cumulative_evictions=0}
Aug 08, 2012 12:23:53 PM org.apache.solr.update.processor.LogUpdateProcessor finish
INFO: {commit=} 0 359
Aug 08, 2012 12:23:53 PM org.apache.solr.core.SolrCore execute
INFO: [] webapp=/solr path=/update params={wt=ruby} status=0 QTime=359 
Aug 08, 2012 12:24:12 PM org.apache.solr.core.SolrCore execute
INFO: [] webapp=/solr path=/select params={wt=ruby&start=0&fq=type:Course&q=*:*&rows=30} hits=3 status=0 QTime=12 
Aug 08, 2012 12:24:17 PM org.apache.solr.core.SolrCore execute
INFO: [] webapp=/solr path=/select params={wt=ruby&start=0&fq=type:Course&q=*:*&rows=30} hits=3 status=0 QTime=1 
Aug 08, 2012 12:30:06 PM org.apache.solr.core.SolrCore execute
INFO: [] webapp=/solr path=/select params={wt=ruby&start=0&fq=type:Course&q=*:*&rows=30} hits=3 status=0 QTime=1 
Aug 08, 2012 12:32:35 PM org.apache.solr.core.SolrCore execute
INFO: [] webapp=/solr path=/select params={fl=*+score&start=0&q=computer&qf=description_text+name_text&wt=ruby&fq=type:Course&defType=dismax&rows=30} hits=1 status=0 QTime=89 
Aug 08, 2012 12:32:39 PM org.apache.solr.core.SolrCore execute
INFO: [] webapp=/solr path=/select params={wt=ruby&start=0&fq=type:Course&q=*:*&rows=30} hits=3 status=0 QTime=1 
Aug 08, 2012 12:47:55 PM org.apache.solr.core.SolrCore execute
INFO: [] webapp=/solr path=/select params={wt=ruby&start=0&fq=type:Course&q=*:*&rows=30} hits=3 status=0 QTime=1 
Aug 08, 2012 12:48:01 PM org.apache.solr.core.SolrCore execute
INFO: [] webapp=/solr path=/select params={fl=*+score&start=0&q=algorithm&qf=description_text+name_text&wt=ruby&fq=type:Course&defType=dismax&rows=30} hits=0 status=0 QTime=48 
Aug 08, 2012 12:48:04 PM org.apache.solr.core.SolrCore execute
INFO: [] webapp=/solr path=/select params={wt=ruby&start=0&fq=type:Course&q=*:*&rows=30} hits=3 status=0 QTime=0 
Aug 08, 2012 12:48:14 PM org.apache.solr.core.SolrCore execute
INFO: [] webapp=/solr path=/select params={fl=*+score&start=0&q=algorithms&qf=description_text+name_text&wt=ruby&fq=type:Course&defType=dismax&rows=30} hits=2 status=0 QTime=5 
Aug 08, 2012 2:55:50 PM org.apache.solr.core.SolrCore execute
INFO: [] webapp=/solr path=/select params={wt=ruby&start=0&fq=type:Course&q=*:*&rows=30} hits=3 status=0 QTime=26 
Aug 08, 2012 2:57:21 PM org.apache.solr.core.SolrCore execute
INFO: [] webapp=/solr path=/select params={wt=ruby&start=0&fq=type:Course&q=*:*&rows=30} hits=3 status=0 QTime=1 
Aug 08, 2012 2:58:07 PM org.apache.solr.core.SolrCore execute
INFO: [] webapp=/solr path=/select params={wt=ruby&start=0&fq=type:Course&q=*:*&rows=30} hits=3 status=0 QTime=0 
Aug 08, 2012 2:59:42 PM org.apache.solr.core.SolrCore execute
INFO: [] webapp=/solr path=/select params={wt=ruby&start=0&fq=type:Course&q=*:*&rows=30} hits=3 status=0 QTime=1 
Aug 08, 2012 3:00:25 PM org.apache.solr.core.SolrCore execute
INFO: [] webapp=/solr path=/select params={wt=ruby&start=0&fq=type:Course&q=*:*&rows=30} hits=3 status=0 QTime=1 
Aug 08, 2012 3:01:44 PM org.apache.solr.core.SolrCore execute
INFO: [] webapp=/solr path=/select params={wt=ruby&start=0&fq=type:Course&q=*:*&rows=30} hits=3 status=0 QTime=0 
Aug 08, 2012 3:05:58 PM org.apache.solr.core.SolrCore execute
INFO: [] webapp=/solr path=/select params={wt=ruby&start=0&fq=type:Course&q=*:*&rows=30} hits=3 status=0 QTime=2 
Aug 08, 2012 3:08:05 PM org.apache.solr.core.SolrCore execute
INFO: [] webapp=/solr path=/select params={wt=ruby&start=0&fq=type:Course&q=*:*&rows=30} hits=3 status=0 QTime=0 
Aug 08, 2012 3:08:39 PM org.apache.solr.core.SolrCore execute
INFO: [] webapp=/solr path=/select params={wt=ruby&start=0&fq=type:Course&q=*:*&rows=30} hits=3 status=0 QTime=1 
Aug 08, 2012 3:09:00 PM org.apache.solr.core.SolrCore execute
INFO: [] webapp=/solr path=/select params={wt=ruby&start=0&fq=type:Course&q=*:*&rows=30} hits=3 status=0 QTime=1 
Aug 08, 2012 3:09:05 PM org.apache.solr.core.SolrCore execute
INFO: [] webapp=/solr path=/select params={wt=ruby&start=0&fq=type:Course&q=*:*&rows=30} hits=3 status=0 QTime=1 
Aug 08, 2012 3:15:00 PM org.apache.solr.core.SolrCore execute
INFO: [] webapp=/solr path=/select params={wt=ruby&start=0&fq=type:Course&q=*:*&rows=30} hits=3 status=0 QTime=5 
Aug 08, 2012 3:17:22 PM org.apache.solr.core.SolrCore execute
INFO: [] webapp=/solr path=/select params={wt=ruby&start=0&fq=type:Course&q=*:*&rows=30} hits=3 status=0 QTime=13 
Aug 08, 2012 3:18:31 PM org.apache.solr.core.SolrCore execute
INFO: [] webapp=/solr path=/select params={wt=ruby&start=0&fq=type:Course&q=*:*&rows=30} hits=3 status=0 QTime=20 
Aug 08, 2012 3:18:42 PM org.apache.solr.core.SolrCore execute
INFO: [] webapp=/solr path=/select params={wt=ruby&start=0&fq=type:Course&q=*:*&rows=30} hits=3 status=0 QTime=1 
Aug 08, 2012 3:18:47 PM org.apache.solr.core.SolrCore execute
INFO: [] webapp=/solr path=/select params={wt=ruby&start=0&fq=type:Course&q=*:*&rows=30} hits=3 status=0 QTime=1 
Aug 08, 2012 3:18:55 PM org.apache.solr.core.SolrCore execute
INFO: [] webapp=/solr path=/select params={wt=ruby&start=0&fq=type:Course&q=*:*&rows=30} hits=3 status=0 QTime=0 
Aug 08, 2012 3:19:02 PM org.apache.solr.core.SolrCore execute
INFO: [] webapp=/solr path=/select params={wt=ruby&start=0&fq=type:Course&q=*:*&rows=30} hits=3 status=0 QTime=0 
Aug 08, 2012 3:26:36 PM org.apache.solr.core.SolrCore execute
INFO: [] webapp=/solr path=/select params={wt=ruby&start=0&fq=type:Course&q=*:*&rows=30} hits=3 status=0 QTime=1 
Aug 08, 2012 4:02:12 PM org.apache.solr.core.SolrCore execute
INFO: [] webapp=/solr path=/select params={wt=ruby&start=0&fq=type:Course&q=*:*&rows=30} hits=3 status=0 QTime=1 
Aug 08, 2012 4:16:01 PM org.apache.solr.core.SolrCore execute
INFO: [] webapp=/solr path=/select params={wt=ruby&start=0&fq=type:Course&q=*:*&rows=30} hits=3 status=0 QTime=1 
